<?xml version="1.0" encoding="UTF-8"?>
<!-- Generated by org.testng.reporters.JUnitReportReporter -->
<testsuite skipped="0" hostname="DESKTOP-09AO3Q3" name="systemV.SystemVUIHomePageHeaderlinksTest" tests="1" failures="0" timestamp="18 Jul 2019 19:58:41 GMT" time="30.216" errors="0">
  <testcase name="VerifyHomePageHeaderlinks" time="30.216" classname="systemV.SystemVUIHomePageHeaderlinksTest"/>
</testsuite> <!-- systemV.SystemVUIHomePageHeaderlinksTest -->
