<?xml version="1.0" encoding="UTF-8"?>
<!-- Generated by org.testng.reporters.JUnitReportReporter -->
<testsuite skipped="0" hostname="DESKTOP-09AO3Q3" name="systemV.SystemVUIHomePageHeaderlinksTest" tests="1" failures="0" timestamp="19 Jul 2019 07:57:51 GMT" time="31.960" errors="0">
  <testcase name="VerifyHomePageHeaderlinks" time="31.960" classname="systemV.SystemVUIHomePageHeaderlinksTest"/>
</testsuite> <!-- systemV.SystemVUIHomePageHeaderlinksTest -->
